Traceback (most recent call last):
  File "/home/pi/.local/lib/python3.7/site-packages/jupyter_cache/executors/utils.py", line 56, in single_nb_execution
    record_timing=False,
  File "/usr/local/lib/python3.7/dist-packages/nbclient/client.py", line 1087, in execute
    return NotebookClient(nb=nb, resources=resources, km=km, **kwargs).execute()
  File "/usr/local/lib/python3.7/dist-packages/nbclient/util.py", line 74, in wrapped
    return just_run(coro(*args, **kwargs))
  File "/usr/local/lib/python3.7/dist-packages/nbclient/util.py", line 53, in just_run
    return loop.run_until_complete(coro)
  File "/usr/lib/python3.7/asyncio/base_events.py", line 584, in run_until_complete
    return future.result()
  File "/usr/local/lib/python3.7/dist-packages/nbclient/client.py", line 541, in async_execute
    cell, index, execution_count=self.code_cells_executed + 1
  File "/usr/local/lib/python3.7/dist-packages/nbclient/client.py", line 832, in async_execute_cell
    self._check_raise_for_error(cell, exec_reply)
  File "/usr/local/lib/python3.7/dist-packages/nbclient/client.py", line 740, in _check_raise_for_error
    raise CellExecutionError.from_cell_and_msg(cell, exec_reply['content'])
nbclient.exceptions.CellExecutionError: An error occurred while executing the following cell:
------------------
A = np.array([[-3,3,2,-3,-2],[3,3,0,-1,0],[2,2,-2,2,-3],[-3,-1,2,-1,3],[-2,3,2,3,-2]])
print(lag.FullRowReduction(A))
------------------

[0;31m---------------------------------------------------------------------------[0m
[0;31mNameError[0m                                 Traceback (most recent call last)
[0;32m<ipython-input-1-c42448b29e50>[0m in [0;36m<module>[0;34m()[0m
[0;32m----> 1[0;31m [0mA[0m [0;34m=[0m [0mnp[0m[0;34m.[0m[0marray[0m[0;34m([0m[0;34m[[0m[0;34m[[0m[0;34m-[0m[0;36m3[0m[0;34m,[0m[0;36m3[0m[0;34m,[0m[0;36m2[0m[0;34m,[0m[0;34m-[0m[0;36m3[0m[0;34m,[0m[0;34m-[0m[0;36m2[0m[0;34m][0m[0;34m,[0m[0;34m[[0m[0;36m3[0m[0;34m,[0m[0;36m3[0m[0;34m,[0m[0;36m0[0m[0;34m,[0m[0;34m-[0m[0;36m1[0m[0;34m,[0m[0;36m0[0m[0;34m][0m[0;34m,[0m[0;34m[[0m[0;36m2[0m[0;34m,[0m[0;36m2[0m[0;34m,[0m[0;34m-[0m[0;36m2[0m[0;34m,[0m[0;36m2[0m[0;34m,[0m[0;34m-[0m[0;36m3[0m[0;34m][0m[0;34m,[0m[0;34m[[0m[0;34m-[0m[0;36m3[0m[0;34m,[0m[0;34m-[0m[0;36m1[0m[0;34m,[0m[0;36m2[0m[0;34m,[0m[0;34m-[0m[0;36m1[0m[0;34m,[0m[0;36m3[0m[0;34m][0m[0;34m,[0m[0;34m[[0m[0;34m-[0m[0;36m2[0m[0;34m,[0m[0;36m3[0m[0;34m,[0m[0;36m2[0m[0;34m,[0m[0;36m3[0m[0;34m,[0m[0;34m-[0m[0;36m2[0m[0;34m][0m[0;34m][0m[0;34m)[0m[0;34m[0m[0;34m[0m[0m
[0m[1;32m      2[0m [0mprint[0m[0;34m([0m[0mlag[0m[0;34m.[0m[0mFullRowReduction[0m[0;34m([0m[0mA[0m[0;34m)[0m[0;34m)[0m[0;34m[0m[0;34m[0m[0m

[0;31mNameError[0m: name 'np' is not defined
NameError: name 'np' is not defined

