Traceback (most recent call last):
  File "/home/pi/.local/lib/python3.7/site-packages/jupyter_cache/executors/utils.py", line 56, in single_nb_execution
    record_timing=False,
  File "/usr/local/lib/python3.7/dist-packages/nbclient/client.py", line 1087, in execute
    return NotebookClient(nb=nb, resources=resources, km=km, **kwargs).execute()
  File "/usr/local/lib/python3.7/dist-packages/nbclient/util.py", line 74, in wrapped
    return just_run(coro(*args, **kwargs))
  File "/usr/local/lib/python3.7/dist-packages/nbclient/util.py", line 53, in just_run
    return loop.run_until_complete(coro)
  File "/usr/lib/python3.7/asyncio/base_events.py", line 584, in run_until_complete
    return future.result()
  File "/usr/local/lib/python3.7/dist-packages/nbclient/client.py", line 541, in async_execute
    cell, index, execution_count=self.code_cells_executed + 1
  File "/usr/local/lib/python3.7/dist-packages/nbclient/client.py", line 832, in async_execute_cell
    self._check_raise_for_error(cell, exec_reply)
  File "/usr/local/lib/python3.7/dist-packages/nbclient/client.py", line 740, in _check_raise_for_error
    raise CellExecutionError.from_cell_and_msg(cell, exec_reply['content'])
nbclient.exceptions.CellExecutionError: An error occurred while executing the following cell:
------------------
## Scale the first row based on the first element in that row.
R1 = RowScale(R,0,1.0/R[0][0])
## Add the first row to the second based on the first element in the second row.
R2 = RowAdd(R1,0,1,-R[1][0])
## Add the first row to the last based on the first element in the last row.
R3 = RowAdd(R2,0,2,-R2[2][0])
## Scale the second row based on the second element in that row.
R4 = RowScale(R3,1,1.0/R3[1][1])
## Add the second row to the last based on the second element in the last row.
R5 = RowAdd(R4,1,2,-R4[2][1])
## Scale the last row based on the last element in that row.
R6 = RowScale(R5,2,1.0/R5[2][2])
print(R6)
------------------

[0;31m---------------------------------------------------------------------------[0m
[0;31mValueError[0m                                Traceback (most recent call last)
[0;32m<ipython-input-7-27865b57e45a>[0m in [0;36m<module>[0;34m()[0m
[1;32m      6[0m [0mR3[0m [0;34m=[0m [0mRowAdd[0m[0;34m([0m[0mR2[0m[0;34m,[0m[0;36m0[0m[0;34m,[0m[0;36m2[0m[0;34m,[0m[0;34m-[0m[0mR2[0m[0;34m[[0m[0;36m2[0m[0;34m][0m[0;34m[[0m[0;36m0[0m[0;34m][0m[0;34m)[0m[0;34m[0m[0;34m[0m[0m
[1;32m      7[0m [0;31m## Scale the second row based on the second element in that row.[0m[0;34m[0m[0;34m[0m[0;34m[0m[0m
[0;32m----> 8[0;31m [0mR4[0m [0;34m=[0m [0mRowScale[0m[0;34m([0m[0mR3[0m[0;34m,[0m[0;36m1[0m[0;34m,[0m[0;36m1.0[0m[0;34m/[0m[0mR3[0m[0;34m[[0m[0;36m1[0m[0;34m][0m[0;34m[[0m[0;36m1[0m[0;34m][0m[0;34m)[0m[0;34m[0m[0;34m[0m[0m
[0m[1;32m      9[0m [0;31m## Add the second row to the last based on the second element in the last row.[0m[0;34m[0m[0;34m[0m[0;34m[0m[0m
[1;32m     10[0m [0mR5[0m [0;34m=[0m [0mRowAdd[0m[0;34m([0m[0mR4[0m[0;34m,[0m[0;36m1[0m[0;34m,[0m[0;36m2[0m[0;34m,[0m[0;34m-[0m[0mR4[0m[0;34m[[0m[0;36m2[0m[0;34m][0m[0;34m[[0m[0;36m1[0m[0;34m][0m[0;34m)[0m[0;34m[0m[0;34m[0m[0m

[0;32m<ipython-input-2-01a30308310b>[0m in [0;36mRowScale[0;34m(A, k, scale)[0m
[1;32m     27[0m [0;34m[0m[0m
[1;32m     28[0m     [0;32mfor[0m [0mj[0m [0;32min[0m [0mrange[0m[0;34m([0m[0mn[0m[0;34m)[0m[0;34m:[0m[0;34m[0m[0;34m[0m[0m
[0;32m---> 29[0;31m         [0mB[0m[0;34m[[0m[0mk[0m[0;34m][0m[0;34m[[0m[0mj[0m[0;34m][0m [0;34m*=[0m [0mscale[0m[0;34m[0m[0;34m[0m[0m
[0m[1;32m     30[0m [0;34m[0m[0m
[1;32m     31[0m     [0;32mreturn[0m [0mB[0m[0;34m[0m[0;34m[0m[0m

[0;31mValueError[0m: cannot convert float NaN to integer
ValueError: cannot convert float NaN to integer

